#! /usr/bin/vvp
:ivl_version "12.0 (stable)";
:ivl_delay_selection "TYPICAL";
:vpi_time_precision - 12;
:vpi_module "/usr/lib/x86_64-linux-gnu/ivl/system.vpi";
:vpi_module "/usr/lib/x86_64-linux-gnu/ivl/vhdl_sys.vpi";
:vpi_module "/usr/lib/x86_64-linux-gnu/ivl/vhdl_textio.vpi";
:vpi_module "/usr/lib/x86_64-linux-gnu/ivl/v2005_math.vpi";
:vpi_module "/usr/lib/x86_64-linux-gnu/ivl/va_math.vpi";
S_0x6161be32ac40 .scope module, "tb_stopwatch" "tb_stopwatch" 2 3;
 .timescale -9 -12;
v0x6161be353310_0 .var "clk", 0 0;
v0x6161be353460_0 .net "minutes", 7 0, v0x6161be352140_0;  1 drivers
v0x6161be353520_0 .var "reset", 0 0;
v0x6161be3535c0_0 .var "rst_n", 0 0;
v0x6161be3536f0_0 .net "seconds", 5 0, v0x6161be352990_0;  1 drivers
v0x6161be3537e0_0 .var "start", 0 0;
v0x6161be3538d0_0 .net "status", 1 0, v0x6161be351bd0_0;  1 drivers
v0x6161be3539e0_0 .var "stop", 0 0;
E_0x6161be326a50 .event posedge, v0x6161be319e70_0;
S_0x6161be32add0 .scope module, "dut" "stopwatch_top" 2 18, 3 1 0, S_0x6161be32ac40;
 .timescale 0 0;
    .port_info 0 /INPUT 1 "clk";
    .port_info 1 /INPUT 1 "rst_n";
    .port_info 2 /INPUT 1 "start";
    .port_info 3 /INPUT 1 "stop";
    .port_info 4 /INPUT 1 "reset";
    .port_info 5 /OUTPUT 8 "minutes";
    .port_info 6 /OUTPUT 6 "seconds";
    .port_info 7 /OUTPUT 2 "status";
v0x6161be352b00_0 .net "clk", 0 0, v0x6161be353310_0;  1 drivers
v0x6161be352bc0_0 .net "enable", 0 0, v0x6161be319f40_0;  1 drivers
v0x6161be352c80_0 .net "minutes", 7 0, v0x6161be352140_0;  alias, 1 drivers
v0x6161be352d20_0 .net "reset", 0 0, v0x6161be353520_0;  1 drivers
v0x6161be352df0_0 .net "rst_n", 0 0, v0x6161be3535c0_0;  1 drivers
v0x6161be352ee0_0 .net "sec_rollover", 0 0, v0x6161be352800_0;  1 drivers
v0x6161be352fd0_0 .net "seconds", 5 0, v0x6161be352990_0;  alias, 1 drivers
v0x6161be353070_0 .net "start", 0 0, v0x6161be3537e0_0;  1 drivers
v0x6161be353110_0 .net "status", 1 0, v0x6161be351bd0_0;  alias, 1 drivers
v0x6161be3531e0_0 .net "stop", 0 0, v0x6161be3539e0_0;  1 drivers
S_0x6161be32d8b0 .scope module, "fsm" "control_fsm" 3 18, 4 1 0, S_0x6161be32add0;
 .timescale 0 0;
    .port_info 0 /INPUT 1 "clk";
    .port_info 1 /INPUT 1 "rst_n";
    .port_info 2 /INPUT 1 "start";
    .port_info 3 /INPUT 1 "stop";
    .port_info 4 /INPUT 1 "reset";
    .port_info 5 /OUTPUT 1 "enable";
    .port_info 6 /OUTPUT 2 "status";
P_0x6161be32da90 .param/l "IDLE" 1 4 13, C4<00>;
P_0x6161be32dad0 .param/l "PAUSED" 1 4 15, C4<10>;
P_0x6161be32db10 .param/l "RUNNING" 1 4 14, C4<01>;
v0x6161be319e70_0 .net "clk", 0 0, v0x6161be353310_0;  alias, 1 drivers
v0x6161be319f40_0 .var "enable", 0 0;
v0x6161be31abe0_0 .var "next_state", 1 0;
v0x6161be31acb0_0 .net "reset", 0 0, v0x6161be353520_0;  alias, 1 drivers
v0x6161be351920_0 .net "rst_n", 0 0, v0x6161be3535c0_0;  alias, 1 drivers
v0x6161be351a30_0 .net "start", 0 0, v0x6161be3537e0_0;  alias, 1 drivers
v0x6161be351af0_0 .var "state", 1 0;
v0x6161be351bd0_0 .var "status", 1 0;
v0x6161be351cb0_0 .net "stop", 0 0, v0x6161be3539e0_0;  alias, 1 drivers
E_0x6161be326af0 .event anyedge, v0x6161be351af0_0;
E_0x6161be3111d0 .event anyedge, v0x6161be351af0_0, v0x6161be351a30_0, v0x6161be351cb0_0, v0x6161be31acb0_0;
E_0x6161be31d990/0 .event negedge, v0x6161be351920_0;
E_0x6161be31d990/1 .event posedge, v0x6161be319e70_0;
E_0x6161be31d990 .event/or E_0x6161be31d990/0, E_0x6161be31d990/1;
S_0x6161be351e50 .scope module, "min" "minutes_counter" 3 38, 5 1 0, S_0x6161be32add0;
 .timescale 0 0;
    .port_info 0 /INPUT 1 "clk";
    .port_info 1 /INPUT 1 "rst_n";
    .port_info 2 /INPUT 1 "enable";
    .port_info 3 /INPUT 1 "rollover";
    .port_info 4 /OUTPUT 8 "minutes";
v0x6161be352000_0 .net "clk", 0 0, v0x6161be353310_0;  alias, 1 drivers
v0x6161be3520a0_0 .net "enable", 0 0, v0x6161be319f40_0;  alias, 1 drivers
v0x6161be352140_0 .var "minutes", 7 0;
v0x6161be3521e0_0 .net "rollover", 0 0, v0x6161be352800_0;  alias, 1 drivers
v0x6161be352280_0 .net "rst_n", 0 0, v0x6161be3535c0_0;  alias, 1 drivers
S_0x6161be3523f0 .scope module, "sec" "seconds_counter" 3 29, 6 1 0, S_0x6161be32add0;
 .timescale 0 0;
    .port_info 0 /INPUT 1 "clk";
    .port_info 1 /INPUT 1 "rst_n";
    .port_info 2 /INPUT 1 "enable";
    .port_info 3 /OUTPUT 6 "seconds";
    .port_info 4 /OUTPUT 1 "rollover";
v0x6161be352600_0 .net "clk", 0 0, v0x6161be353310_0;  alias, 1 drivers
v0x6161be3526f0_0 .net "enable", 0 0, v0x6161be319f40_0;  alias, 1 drivers
v0x6161be352800_0 .var "rollover", 0 0;
v0x6161be3528a0_0 .net "rst_n", 0 0, v0x6161be3535c0_0;  alias, 1 drivers
v0x6161be352990_0 .var "seconds", 5 0;
    .scope S_0x6161be32d8b0;
T_0 ;
    %wait E_0x6161be31d990;
    %load/vec4 v0x6161be351920_0;
    %nor/r;
    %flag_set/vec4 8;
    %jmp/0xz  T_0.0, 8;
    %pushi/vec4 0, 0, 2;
    %assign/vec4 v0x6161be351af0_0, 0;
    %jmp T_0.1;
T_0.0 ;
    %load/vec4 v0x6161be31abe0_0;
    %assign/vec4 v0x6161be351af0_0, 0;
T_0.1 ;
    %jmp T_0;
    .thread T_0;
    .scope S_0x6161be32d8b0;
T_1 ;
    %wait E_0x6161be3111d0;
    %load/vec4 v0x6161be351af0_0;
    %store/vec4 v0x6161be31abe0_0, 0, 2;
    %load/vec4 v0x6161be351af0_0;
    %dup/vec4;
    %pushi/vec4 0, 0, 2;
    %cmp/u;
    %jmp/1 T_1.0, 6;
    %dup/vec4;
    %pushi/vec4 1, 0, 2;
    %cmp/u;
    %jmp/1 T_1.1, 6;
    %dup/vec4;
    %pushi/vec4 2, 0, 2;
    %cmp/u;
    %jmp/1 T_1.2, 6;
    %pushi/vec4 0, 0, 2;
    %store/vec4 v0x6161be31abe0_0, 0, 2;
    %jmp T_1.4;
T_1.0 ;
    %load/vec4 v0x6161be351a30_0;
    %flag_set/vec4 8;
    %jmp/0xz  T_1.5, 8;
    %pushi/vec4 1, 0, 2;
    %store/vec4 v0x6161be31abe0_0, 0, 2;
T_1.5 ;
    %jmp T_1.4;
T_1.1 ;
    %load/vec4 v0x6161be351cb0_0;
    %flag_set/vec4 8;
    %jmp/0xz  T_1.7, 8;
    %pushi/vec4 2, 0, 2;
    %store/vec4 v0x6161be31abe0_0, 0, 2;
    %jmp T_1.8;
T_1.7 ;
    %load/vec4 v0x6161be31acb0_0;
    %flag_set/vec4 8;
    %jmp/0xz  T_1.9, 8;
    %pushi/vec4 0, 0, 2;
    %store/vec4 v0x6161be31abe0_0, 0, 2;
T_1.9 ;
T_1.8 ;
    %jmp T_1.4;
T_1.2 ;
    %load/vec4 v0x6161be351a30_0;
    %flag_set/vec4 8;
    %jmp/0xz  T_1.11, 8;
    %pushi/vec4 1, 0, 2;
    %store/vec4 v0x6161be31abe0_0, 0, 2;
    %jmp T_1.12;
T_1.11 ;
    %load/vec4 v0x6161be31acb0_0;
    %flag_set/vec4 8;
    %jmp/0xz  T_1.13, 8;
    %pushi/vec4 0, 0, 2;
    %store/vec4 v0x6161be31abe0_0, 0, 2;
T_1.13 ;
T_1.12 ;
    %jmp T_1.4;
T_1.4 ;
    %pop/vec4 1;
    %jmp T_1;
    .thread T_1, $push;
    .scope S_0x6161be32d8b0;
T_2 ;
    %wait E_0x6161be326af0;
    %load/vec4 v0x6161be351af0_0;
    %store/vec4 v0x6161be351bd0_0, 0, 2;
    %load/vec4 v0x6161be351af0_0;
    %dup/vec4;
    %pushi/vec4 1, 0, 2;
    %cmp/u;
    %jmp/1 T_2.0, 6;
    %pushi/vec4 0, 0, 1;
    %store/vec4 v0x6161be319f40_0, 0, 1;
    %jmp T_2.2;
T_2.0 ;
    %pushi/vec4 1, 0, 1;
    %store/vec4 v0x6161be319f40_0, 0, 1;
    %jmp T_2.2;
T_2.2 ;
    %pop/vec4 1;
    %jmp T_2;
    .thread T_2, $push;
    .scope S_0x6161be3523f0;
T_3 ;
    %wait E_0x6161be31d990;
    %load/vec4 v0x6161be3528a0_0;
    %nor/r;
    %flag_set/vec4 8;
    %jmp/0xz  T_3.0, 8;
    %pushi/vec4 0, 0, 6;
    %assign/vec4 v0x6161be352990_0, 0;
    %pushi/vec4 0, 0, 1;
    %assign/vec4 v0x6161be352800_0, 0;
    %jmp T_3.1;
T_3.0 ;
    %pushi/vec4 0, 0, 1;
    %assign/vec4 v0x6161be352800_0, 0;
    %load/vec4 v0x6161be3526f0_0;
    %flag_set/vec4 8;
    %jmp/0xz  T_3.2, 8;
    %load/vec4 v0x6161be352990_0;
    %cmpi/e 59, 0, 6;
    %jmp/0xz  T_3.4, 4;
    %pushi/vec4 0, 0, 6;
    %assign/vec4 v0x6161be352990_0, 0;
    %pushi/vec4 1, 0, 1;
    %assign/vec4 v0x6161be352800_0, 0;
    %jmp T_3.5;
T_3.4 ;
    %load/vec4 v0x6161be352990_0;
    %addi 1, 0, 6;
    %assign/vec4 v0x6161be352990_0, 0;
T_3.5 ;
T_3.2 ;
T_3.1 ;
    %jmp T_3;
    .thread T_3;
    .scope S_0x6161be351e50;
T_4 ;
    %wait E_0x6161be31d990;
    %load/vec4 v0x6161be352280_0;
    %nor/r;
    %flag_set/vec4 8;
    %jmp/0xz  T_4.0, 8;
    %pushi/vec4 0, 0, 8;
    %assign/vec4 v0x6161be352140_0, 0;
    %jmp T_4.1;
T_4.0 ;
    %load/vec4 v0x6161be3520a0_0;
    %flag_set/vec4 9;
    %flag_get/vec4 9;
    %jmp/0 T_4.4, 9;
    %load/vec4 v0x6161be3521e0_0;
    %and;
T_4.4;
    %flag_set/vec4 8;
    %jmp/0xz  T_4.2, 8;
    %load/vec4 v0x6161be352140_0;
    %cmpi/e 99, 0, 8;
    %jmp/0xz  T_4.5, 4;
    %pushi/vec4 0, 0, 8;
    %assign/vec4 v0x6161be352140_0, 0;
    %jmp T_4.6;
T_4.5 ;
    %load/vec4 v0x6161be352140_0;
    %addi 1, 0, 8;
    %assign/vec4 v0x6161be352140_0, 0;
T_4.6 ;
T_4.2 ;
T_4.1 ;
    %jmp T_4;
    .thread T_4;
    .scope S_0x6161be32ac40;
T_5 ;
    %delay 5000, 0;
    %load/vec4 v0x6161be353310_0;
    %inv;
    %store/vec4 v0x6161be353310_0, 0, 1;
    %jmp T_5;
    .thread T_5;
    .scope S_0x6161be32ac40;
T_6 ;
    %vpi_call 2 42 "$dumpfile", "wave.vcd" {0 0 0};
    %vpi_call 2 43 "$dumpvars", 32'sb00000000000000000000000000000000, S_0x6161be32ac40 {0 0 0};
    %pushi/vec4 0, 0, 1;
    %store/vec4 v0x6161be353310_0, 0, 1;
    %pushi/vec4 0, 0, 1;
    %store/vec4 v0x6161be3535c0_0, 0, 1;
    %pushi/vec4 0, 0, 1;
    %store/vec4 v0x6161be3537e0_0, 0, 1;
    %pushi/vec4 0, 0, 1;
    %store/vec4 v0x6161be3539e0_0, 0, 1;
    %pushi/vec4 0, 0, 1;
    %store/vec4 v0x6161be353520_0, 0, 1;
    %delay 20000, 0;
    %pushi/vec4 1, 0, 1;
    %store/vec4 v0x6161be3535c0_0, 0, 1;
    %delay 10000, 0;
    %pushi/vec4 1, 0, 1;
    %store/vec4 v0x6161be3537e0_0, 0, 1;
    %delay 10000, 0;
    %pushi/vec4 0, 0, 1;
    %store/vec4 v0x6161be3537e0_0, 0, 1;
    %delay 200000, 0;
    %pushi/vec4 1, 0, 1;
    %store/vec4 v0x6161be3539e0_0, 0, 1;
    %delay 10000, 0;
    %pushi/vec4 0, 0, 1;
    %store/vec4 v0x6161be3539e0_0, 0, 1;
    %delay 100000, 0;
    %pushi/vec4 1, 0, 1;
    %store/vec4 v0x6161be3537e0_0, 0, 1;
    %delay 10000, 0;
    %pushi/vec4 0, 0, 1;
    %store/vec4 v0x6161be3537e0_0, 0, 1;
    %delay 200000, 0;
    %pushi/vec4 1, 0, 1;
    %store/vec4 v0x6161be353520_0, 0, 1;
    %delay 10000, 0;
    %pushi/vec4 0, 0, 1;
    %store/vec4 v0x6161be353520_0, 0, 1;
    %delay 20000, 0;
    %pushi/vec4 1, 0, 1;
    %store/vec4 v0x6161be3537e0_0, 0, 1;
    %delay 10000, 0;
    %pushi/vec4 0, 0, 1;
    %store/vec4 v0x6161be3537e0_0, 0, 1;
    %delay 500000000, 0;
    %vpi_call 2 107 "$finish" {0 0 0};
    %end;
    .thread T_6;
    .scope S_0x6161be32ac40;
T_7 ;
    %wait E_0x6161be326a50;
    %vpi_call 2 117 "$display", "Time = %0t | %02d:%02d | State = %b", $time, v0x6161be353460_0, v0x6161be3536f0_0, v0x6161be3538d0_0 {0 0 0};
    %jmp T_7;
    .thread T_7;
# The file index is used to find the file name in the following table.
:file_names 7;
    "N/A";
    "<interactive>";
    "tb_stopwatch.v";
    "../rtl/stopwatch_top.v";
    "../rtl/control_fsm.v";
    "../rtl/minutes_counter.v";
    "../rtl/seconds_counter.v";
